Arguments: 
  /home/artur/.nvm/versions/node/v14.16.0/bin/node /usr/bin/yarn build

PATH: 
  /home/artur/.nvm/versions/node/v14.16.0/bin:/home/artur/bin:/home/artur/.npm-global/bin:/usr/local/bin:/snap/bin:/home/artur/.dotnet/tools:/home/artur/.nvm/versions/node/v14.16.0/bin:/home/artur/bin:/home/artur/.npm-global/bin:/usr/local/bin:/snap/bin:/home/artur/.dotnet/tools:/home/artur/bin:/home/artur/.npm-global/bin:/usr/local/bin:/snap/bin:/home/artur/.dotnet/tools:/usr/local/sbin:/usr/local/bin:/usr/bin:/usr/bin/site_perl:/usr/bin/vendor_perl:/usr/bin/core_perl

Yarn version: 
  1.22.10

Node version: 
  14.16.0

Platform: 
  linux x64

Trace: 
  SyntaxError: /home/artur/dev/0gitmisc/wai2/package.json: Unexpected string in JSON at position 95
      at JSON.parse (<anonymous>)
      at /usr/lib/node_modules/yarn/lib/cli.js:1625:59
      at Generator.next (<anonymous>)
      at step (/usr/lib/node_modules/yarn/lib/cli.js:310:30)
      at /usr/lib/node_modules/yarn/lib/cli.js:321:13

npm manifest: 
  {
    "name": "@wai/comps",
    "version": "0.0.2",
    "license": "GNU General Public License v2"
    "scripts": {
      "dev": "vite",
      "build": "vue-tsc --noEmit && vite build",
      "serve": "vite preview"
    },
    "module": "dist/comps.es.js",
    "main": "dist/comps.umd.js",
    "browser": "dist/comps.umd.js",
    "unpkg": "dist/comps.umd.js",
    "dependencies": {
      "vue": "^3.0.5"
    },
    "devDependencies": {
      "@types/node": "^14.14.37",
      "@vitejs/plugin-vue": "^1.1.5",
      "@vue/compiler-sfc": "^3.0.5",
      "typescript": "^4.1.3",
      "vite": "^2.1.3",
      "vue-tsc": "^0.0.8"
    }
  }

yarn manifest: 
  No manifest

Lockfile: 
  No lockfile
